Test Project for Path Finding Algorithms at Wed Nov  6 22:22:58 2024
  
Choosing Default 1 map
Rows:32 and Cols:32
-1-1-1-13-1-1-1-1-1-1-13-1-1-1-1-1-1-133-1-1-18-13-1-1-1-1
-1-1-1-133-1-1-1-1-1-13-1-1-1-133-13-1-13-1-1-13-1-133
-1-1-1-1-13333-1-1-13-1-1333-1-13-1-133-1-1-1-1-13-1
3-1-1-1-1-1-1-133-1-13-133-1-1-1-133-1-133333-13-1
-13333-1-1-1-13-1-13-13-1-1-1-13-1-1-1-1-1-13-1-1-13-1
-1-1-1-1-1-1-1-1-1-1-1-1-13-1-1-1-1-133333333-1-1-13-1
-1-1-1-133-1-1-1-1-1-1-13-1-1-1333-13-1-1-1-1-1-1-133-1
-1-1-1-13-1333-1-1-13-1-1-1-1-1-1-1-13-1-1-1-1-1333-1-1
-13-133-1-1-1333-13-1-1-1-1-1-1-1-13333-1-1-1-1-1-1-1
-13-13-1-13-1-1-1333-133-133-1-1-1-1-1-13-1-1-1-1-1-1
-13-13-1-13-1-1-1-1-1-1-1-13-1-1333-1-1-1-133-1-1-1-1-1
33-13-1-133333-1-1-1-13-1-1-1-133-1-1-1-1-133-1-1-1
-1-1-13-1-1-1-1-1-13333-13333-1-1-13-1-1-1-1-133-1-1
-1-1-1333333-1-1-1-13-1-1-1-13333333-1-1-1-13-1-1
-1-1-1-1-13-1-1-133-1-13-1-1-1-1-1-1-13-1-1-1-1-1-1-133-1
-1-1-1-1-13-1-1-1-133-13-1-1-1-133-13-1-1-13-1-1-1-13-1
333333-1-1-13-1333-1-1-1-13-1-1333-1-1-1-13-13-1
-1-1-1-1-1-1-1-13-1-1-1-133-1-133-1-1-1-1-13-1333-1-1-1
-1333-133-13-1-1-1-1-1-1-1-13-1-1-1-13-13-13-13-1-1-1
-13-1-133-1-13333-1-1-1-1-13-1-1-133-13-13-1-1-1-1-1
-13-133-1-1-1-1-1-1-1-1-1-1-1-13-1-1-1-1-1-13-13-133-1-1
-13-13-1-1-1-1333333-1-1-13-1-1-1-133-1-13-1-13-1-1
-13-13-1-1-133-1-1-1-13-1-133-1-133-1-1-133-1-13-1-1
-1-1-1-1-1-1-13-1-133-13-133-1-1-1-133333-1-1-13-1-1
-133-1-1-133-1-1-133333-1-133-1-1-1-1-1-1-1-133-1-1
-1-133-133-1-1-1-1-1-1-1-1-1-1-1-133-1-1-1-13-1-1-1-1-1-1
-1-1-13-1-133-1-133333333-1-133-1-1-13-1-1-1-1-1-1
33-13-1-1-133-1-1-1-1-1-1-1-1-1-1-1-133-1-1333333-1
-1-1-1-13-10-1-1333333333-13-1-133-13-1-1-1-1-1-1
333-1333-1-1-1-13-1-1-1-1-1-1-13-1-1-1333-13-1-1-1-1
-1-13-1-1-13-10-1-1333333333-1-1-1-1-1-1-13-1-1-1-1
-1-133333-1-1-1-13-1-1-1-1-1-1-1-1-1-1-1-1-1-1-13-1-1-1-1
Test Project for Path Finding Algorithms at Wed Nov  6 22:27:48 2024
  
Choosing Default 1 map
Rows:32 and Cols:32
-1-1-1-13-1-1-1-1-1-1-13-1-1-1-1-1-1-133-1-1-18-13-1-1-1-1
-1-1-1-133-1-1-1-1-1-13-1-1-1-133-13-1-13-1-1-13-1-133
-1-1-1-1-13333-1-1-13-1-1333-1-13-1-133-1-1-1-1-13-1
3-1-1-1-1-1-1-133-1-13-133-1-1-1-133-1-133333-13-1
-13333-1-1-1-13-1-13-13-1-1-1-13-1-1-1-1-1-13-1-1-13-1
-1-1-1-1-1-1-1-1-1-1-1-1-13-1-1-1-1-133333333-1-1-13-1
-1-1-1-133-1-1-1-1-1-1-13-1-1-1333-13-1-1-1-1-1-1-133-1
-1-1-1-13-1333-1-1-13-1-1-1-1-1-1-1-13-1-1-1-1-1333-1-1
-13-133-1-1-1333-13-1-1-1-1-1-1-1-13333-1-1-1-1-1-1-1
-13-13-1-13-1-1-1333-133-133-1-1-1-1-1-13-1-1-1-1-1-1
-13-13-1-13-1-1-1-1-1-1-1-13-1-1333-1-1-1-133-1-1-1-1-1
33-13-1-133333-1-1-1-13-1-1-1-133-1-1-1-1-133-1-1-1
-1-1-13-1-1-1-1-1-13333-13333-1-1-13-1-1-1-1-133-1-1
-1-1-1333333-1-1-1-13-1-1-1-13333333-1-1-1-13-1-1
-1-1-1-1-13-1-1-133-1-13-1-1-1-1-1-1-13-1-1-1-1-1-1-133-1
-1-1-1-1-13-1-1-1-133-13-1-1-1-133-13-1-1-13-1-1-1-13-1
333333-1-1-13-1333-1-1-1-13-1-1333-1-1-1-13-13-1
-1-1-1-1-1-1-1-13-1-1-1-133-1-133-1-1-1-1-13-1333-1-1-1
-1333-133-13-1-1-1-1-1-1-1-13-1-1-1-13-13-13-13-1-1-1
-13-1-133-1-13333-1-1-1-1-13-1-1-133-13-13-1-1-1-1-1
-13-133-1-1-1-1-1-1-1-1-1-1-1-13-1-1-1-1-1-13-13-133-1-1
-13-13-1-1-1-1333333-1-1-13-1-1-1-133-1-13-1-13-1-1
-13-13-1-1-133-1-1-1-13-1-133-1-133-1-1-133-1-13-1-1
-1-1-1-1-1-1-13-1-133-13-133-1-1-1-133333-1-1-13-1-1
-133-1-1-133-1-1-133333-1-133-1-1-1-1-1-1-1-133-1-1
-1-133-133-1-1-1-1-1-1-1-1-1-1-1-133-1-1-1-13-1-1-1-1-1-1
-1-1-13-1-133-1-133333333-1-133-1-1-13-1-1-1-1-1-1
33-13-1-1-133-1-1-1-1-1-1-1-1-1-1-1-133-1-1333333-1
-1-1-1-13-10-1-1333333333-13-1-133-13-1-1-1-1-1-1
333-1333-1-1-1-13-1-1-1-1-1-1-13-1-1-1333-13-1-1-1-1
-1-13-1-1-13-10-1-1333333333-1-1-1-1-1-1-13-1-1-1-1
-1-133333-1-1-1-13-1-1-1-1-1-1-1-1-1-1-1-1-1-1-13-1-1-1-1
Test Project for Path Finding Algorithms at Wed Nov  6 22:32:23 2024
  
Choosing Default 1 map
Rows:32 and Cols:32
-1-1-1-13-1-1-1-1-1-1-13-1-1-1-1-1-1-133-1-1-18-13-1-1-1-1
-1-1-1-133-1-1-1-1-1-13-1-1-1-133-13-1-13-1-1-13-1-133
-1-1-1-1-13333-1-1-13-1-1333-1-13-1-133-1-1-1-1-13-1
3-1-1-1-1-1-1-133-1-13-133-1-1-1-133-1-133333-13-1
-13333-1-1-1-13-1-13-13-1-1-1-13-1-1-1-1-1-13-1-1-13-1
-1-1-1-1-1-1-1-1-1-1-1-1-13-1-1-1-1-133333333-1-1-13-1
-1-1-1-133-1-1-1-1-1-1-13-1-1-1333-13-1-1-1-1-1-1-133-1
-1-1-1-13-1333-1-1-13-1-1-1-1-1-1-1-13-1-1-1-1-1333-1-1
-13-133-1-1-1333-13-1-1-1-1-1-1-1-13333-1-1-1-1-1-1-1
-13-13-1-13-1-1-1333-133-133-1-1-1-1-1-13-1-1-1-1-1-1
-13-13-1-13-1-1-1-1-1-1-1-13-1-1333-1-1-1-133-1-1-1-1-1
33-13-1-133333-1-1-1-13-1-1-1-133-1-1-1-1-133-1-1-1
-1-1-13-1-1-1-1-1-13333-13333-1-1-13-1-1-1-1-133-1-1
-1-1-1333333-1-1-1-13-1-1-1-13333333-1-1-1-13-1-1
-1-1-1-1-13-1-1-133-1-13-1-1-1-1-1-1-13-1-1-1-1-1-1-133-1
-1-1-1-1-13-1-1-1-133-13-1-1-1-133-13-1-1-13-1-1-1-13-1
333333-1-1-13-1333-1-1-1-13-1-1333-1-1-1-13-13-1
-1-1-1-1-1-1-1-13-1-1-1-133-1-133-1-1-1-1-13-1333-1-1-1
-1333-133-13-1-1-1-1-1-1-1-13-1-1-1-13-13-13-13-1-1-1
-13-1-133-1-13333-1-1-1-1-13-1-1-133-13-13-1-1-1-1-1
-13-133-1-1-1-1-1-1-1-1-1-1-1-13-1-1-1-1-1-13-13-133-1-1
-13-13-1-1-1-1333333-1-1-13-1-1-1-133-1-13-1-13-1-1
-13-13-1-1-133-1-1-1-13-1-133-1-133-1-1-133-1-13-1-1
-1-1-1-1-1-1-13-1-133-13-133-1-1-1-133333-1-1-13-1-1
-133-1-1-133-1-1-133333-1-133-1-1-1-1-1-1-1-133-1-1
-1-133-133-1-1-1-1-1-1-1-1-1-1-1-133-1-1-1-13-1-1-1-1-1-1
-1-1-13-1-133-1-133333333-1-133-1-1-13-1-1-1-1-1-1
33-13-1-1-133-1-1-1-1-1-1-1-1-1-1-1-133-1-1333333-1
-1-1-1-13-10-1-1333333333-13-1-133-13-1-1-1-1-1-1
333-1333-1-1-1-13-1-1-1-1-1-1-13-1-1-1333-13-1-1-1-1
-1-13-1-1-13-10-1-1333333333-1-1-1-1-1-1-13-1-1-1-1
-1-133333-1-1-1-13-1-1-1-1-1-1-1-1-1-1-1-1-1-1-13-1-1-1-1
Test Project for Path Finding Algorithms at Wed Nov  6 22:43:09 2024
  
Choosing Default 1 map
Rows:32 and Cols:32
-1-1-1-13-1-1-1-1-1-1-13-1-1-1-1-1-1-133-1-1-18-13-1-1-1-1
-1-1-1-133-1-1-1-1-1-13-1-1-1-133-13-1-13-1-1-13-1-133
-1-1-1-1-13333-1-1-13-1-1333-1-13-1-133-1-1-1-1-13-1
3-1-1-1-1-1-1-133-1-13-133-1-1-1-133-1-133333-13-1
-13333-1-1-1-13-1-13-13-1-1-1-13-1-1-1-1-1-13-1-1-13-1
-1-1-1-1-1-1-1-1-1-1-1-1-13-1-1-1-1-133333333-1-1-13-1
-1-1-1-133-1-1-1-1-1-1-13-1-1-1333-13-1-1-1-1-1-1-133-1
-1-1-1-13-1333-1-1-13-1-1-1-1-1-1-1-13-1-1-1-1-1333-1-1
-13-133-1-1-1333-13-1-1-1-1-1-1-1-13333-1-1-1-1-1-1-1
-13-13-1-13-1-1-1333-133-133-1-1-1-1-1-13-1-1-1-1-1-1
-13-13-1-13-1-1-1-1-1-1-1-13-1-1333-1-1-1-133-1-1-1-1-1
33-13-1-133333-1-1-1-13-1-1-1-133-1-1-1-1-133-1-1-1
-1-1-13-1-1-1-1-1-13333-13333-1-1-13-1-1-1-1-133-1-1
-1-1-1333333-1-1-1-13-1-1-1-13333333-1-1-1-13-1-1
-1-1-1-1-13-1-1-133-1-13-1-1-1-1-1-1-13-1-1-1-1-1-1-133-1
-1-1-1-1-13-1-1-1-133-13-1-1-1-133-13-1-1-13-1-1-1-13-1
333333-1-1-13-1333-1-1-1-13-1-1333-1-1-1-13-13-1
-1-1-1-1-1-1-1-13-1-1-1-133-1-133-1-1-1-1-13-1333-1-1-1
-1333-133-13-1-1-1-1-1-1-1-13-1-1-1-13-13-13-13-1-1-1
-13-1-133-1-13333-1-1-1-1-13-1-1-133-13-13-1-1-1-1-1
-13-133-1-1-1-1-1-1-1-1-1-1-1-13-1-1-1-1-1-13-13-133-1-1
-13-13-1-1-1-1333333-1-1-13-1-1-1-133-1-13-1-13-1-1
-13-13-1-1-133-1-1-1-13-1-133-1-133-1-1-133-1-13-1-1
-1-1-1-1-1-1-13-1-133-13-133-1-1-1-133333-1-1-13-1-1
-133-1-1-133-1-1-133333-1-133-1-1-1-1-1-1-1-133-1-1
-1-133-133-1-1-1-1-1-1-1-1-1-1-1-133-1-1-1-13-1-1-1-1-1-1
-1-1-13-1-133-1-133333333-1-133-1-1-13-1-1-1-1-1-1
33-13-1-1-133-1-1-1-1-1-1-1-1-1-1-1-133-1-1333333-1
-1-1-1-13-10-1-1333333333-13-1-133-13-1-1-1-1-1-1
333-1333-1-1-1-13-1-1-1-1-1-1-13-1-1-1333-13-1-1-1-1
-1-13-1-1-13-10-1-1333333333-1-1-1-1-1-1-13-1-1-1-1
-1-133333-1-1-1-13-1-1-1-1-1-1-1-1-1-1-1-1-1-1-13-1-1-1-1
Test Project for Path Finding Algorithms at Wed Nov  6 22:48:27 2024
  
Choosing Default 1 map
Rows:32 and Cols:32
-1-1-1-13-1-1-1-1-1-1-13-1-1-1-1-1-1-133-1-1-18-13-1-1-1-1
-1-1-1-133-1-1-1-1-1-13-1-1-1-133-13-1-13-1-1-13-1-133
-1-1-1-1-13333-1-1-13-1-1333-1-13-1-133-1-1-1-1-13-1
3-1-1-1-1-1-1-133-1-13-133-1-1-1-133-1-133333-13-1
-13333-1-1-1-13-1-13-13-1-1-1-13-1-1-1-1-1-13-1-1-13-1
-1-1-1-1-1-1-1-1-1-1-1-1-13-1-1-1-1-133333333-1-1-13-1
-1-1-1-133-1-1-1-1-1-1-13-1-1-1333-13-1-1-1-1-1-1-133-1
-1-1-1-13-1333-1-1-13-1-1-1-1-1-1-1-13-1-1-1-1-1333-1-1
-13-133-1-1-1333-13-1-1-1-1-1-1-1-13333-1-1-1-1-1-1-1
-13-13-1-13-1-1-1333-133-133-1-1-1-1-1-13-1-1-1-1-1-1
-13-13-1-13-1-1-1-1-1-1-1-13-1-1333-1-1-1-133-1-1-1-1-1
33-13-1-133333-1-1-1-13-1-1-1-133-1-1-1-1-133-1-1-1
-1-1-13-1-1-1-1-1-13333-13333-1-1-13-1-1-1-1-133-1-1
-1-1-1333333-1-1-1-13-1-1-1-13333333-1-1-1-13-1-1
-1-1-1-1-13-1-1-133-1-13-1-1-1-1-1-1-13-1-1-1-1-1-1-133-1
-1-1-1-1-13-1-1-1-133-13-1-1-1-133-13-1-1-13-1-1-1-13-1
333333-1-1-13-1333-1-1-1-13-1-1333-1-1-1-13-13-1
-1-1-1-1-1-1-1-13-1-1-1-133-1-133-1-1-1-1-13-1333-1-1-1
-1333-133-13-1-1-1-1-1-1-1-13-1-1-1-13-13-13-13-1-1-1
-13-1-133-1-13333-1-1-1-1-13-1-1-133-13-13-1-1-1-1-1
-13-133-1-1-1-1-1-1-1-1-1-1-1-13-1-1-1-1-1-13-13-133-1-1
-13-13-1-1-1-1333333-1-1-13-1-1-1-133-1-13-1-13-1-1
-13-13-1-1-133-1-1-1-13-1-133-1-133-1-1-133-1-13-1-1
-1-1-1-1-1-1-13-1-133-13-133-1-1-1-133333-1-1-13-1-1
-133-1-1-133-1-1-133333-1-133-1-1-1-1-1-1-1-133-1-1
-1-133-133-1-1-1-1-1-1-1-1-1-1-1-133-1-1-1-13-1-1-1-1-1-1
-1-1-13-1-133-1-133333333-1-133-1-1-13-1-1-1-1-1-1
33-13-1-1-133-1-1-1-1-1-1-1-1-1-1-1-133-1-1333333-1
-1-1-1-13-10-1-1333333333-13-1-133-13-1-1-1-1-1-1
333-1333-1-1-1-13-1-1-1-1-1-1-13-1-1-1333-13-1-1-1-1
-1-13-1-1-13-10-1-1333333333-1-1-1-1-1-1-13-1-1-1-1
-1-133333-1-1-1-13-1-1-1-1-1-1-1-1-1-1-1-1-1-1-13-1-1-1-1
Random X:20,Y:17
X:20,Y:17
Random X:19,Y:26
X:19,Y:26
Test Project for Path Finding Algorithms at Wed Nov  6 22:52:55 2024
  
Choosing Default 1 map
Rows:32 and Cols:32
-1-1-1-13-1-1-1-1-1-1-13-1-1-1-1-1-1-133-1-1-18-13-1-1-1-1
-1-1-1-133-1-1-1-1-1-13-1-1-1-133-13-1-13-1-1-13-1-133
-1-1-1-1-13333-1-1-13-1-1333-1-13-1-133-1-1-1-1-13-1
3-1-1-1-1-1-1-133-1-13-133-1-1-1-133-1-133333-13-1
-13333-1-1-1-13-1-13-13-1-1-1-13-1-1-1-1-1-13-1-1-13-1
-1-1-1-1-1-1-1-1-1-1-1-1-13-1-1-1-1-133333333-1-1-13-1
-1-1-1-133-1-1-1-1-1-1-13-1-1-1333-13-1-1-1-1-1-1-133-1
-1-1-1-13-1333-1-1-13-1-1-1-1-1-1-1-13-1-1-1-1-1333-1-1
-13-133-1-1-1333-13-1-1-1-1-1-1-1-13333-1-1-1-1-1-1-1
-13-13-1-13-1-1-1333-133-133-1-1-1-1-1-13-1-1-1-1-1-1
-13-13-1-13-1-1-1-1-1-1-1-13-1-1333-1-1-1-133-1-1-1-1-1
33-13-1-133333-1-1-1-13-1-1-1-133-1-1-1-1-133-1-1-1
-1-1-13-1-1-1-1-1-13333-13333-1-1-13-1-1-1-1-133-1-1
-1-1-1333333-1-1-1-13-1-1-1-13333333-1-1-1-13-1-1
-1-1-1-1-13-1-1-133-1-13-1-1-1-1-1-1-13-1-1-1-1-1-1-133-1
-1-1-1-1-13-1-1-1-133-13-1-1-1-133-13-1-1-13-1-1-1-13-1
333333-1-1-13-1333-1-1-1-13-1-1333-1-1-1-13-13-1
-1-1-1-1-1-1-1-13-1-1-1-133-1-133-1-1-1-1-13-1333-1-1-1
-1333-133-13-1-1-1-1-1-1-1-13-1-1-1-13-13-13-13-1-1-1
-13-1-133-1-13333-1-1-1-1-13-1-1-133-13-13-1-1-1-1-1
-13-133-1-1-1-1-1-1-1-1-1-1-1-13-1-1-1-1-1-13-13-133-1-1
-13-13-1-1-1-1333333-1-1-13-1-1-1-133-1-13-1-13-1-1
-13-13-1-1-133-1-1-1-13-1-133-1-133-1-1-133-1-13-1-1
-1-1-1-1-1-1-13-1-133-13-133-1-1-1-133333-1-1-13-1-1
-133-1-1-133-1-1-133333-1-133-1-1-1-1-1-1-1-133-1-1
-1-133-133-1-1-1-1-1-1-1-1-1-1-1-133-1-1-1-13-1-1-1-1-1-1
-1-1-13-1-133-1-133333333-1-133-1-1-13-1-1-1-1-1-1
33-13-1-1-133-1-1-1-1-1-1-1-1-1-1-1-133-1-1333333-1
-1-1-1-13-10-1-1333333333-13-1-133-13-1-1-1-1-1-1
333-1333-1-1-1-13-1-1-1-1-1-1-13-1-1-1333-13-1-1-1-1
-1-13-1-1-13-10-1-1333333333-1-1-1-1-1-1-13-1-1-1-1
-1-133333-1-1-1-13-1-1-1-1-1-1-1-1-1-1-1-1-1-1-13-1-1-1-1
Random X:17,Y:27
X:17,Y:27
Random X:22,Y:20
X:22,Y:20
Test Project for Path Finding Algorithms at Wed Nov  6 22:57:08 2024
  
Choosing Default 1 map
Rows:32 and Cols:32
-1-1-1-13-1-1-1-1-1-1-13-1-1-1-1-1-1-133-1-1-18-13-1-1-1-1
-1-1-1-133-1-1-1-1-1-13-1-1-1-133-13-1-13-1-1-13-1-133
-1-1-1-1-13333-1-1-13-1-1333-1-13-1-133-1-1-1-1-13-1
3-1-1-1-1-1-1-133-1-13-133-1-1-1-133-1-133333-13-1
-13333-1-1-1-13-1-13-13-1-1-1-13-1-1-1-1-1-13-1-1-13-1
-1-1-1-1-1-1-1-1-1-1-1-1-13-1-1-1-1-133333333-1-1-13-1
-1-1-1-133-1-1-1-1-1-1-13-1-1-1333-13-1-1-1-1-1-1-133-1
-1-1-1-13-1333-1-1-13-1-1-1-1-1-1-1-13-1-1-1-1-1333-1-1
-13-133-1-1-1333-13-1-1-1-1-1-1-1-13333-1-1-1-1-1-1-1
-13-13-1-13-1-1-1333-133-133-1-1-1-1-1-13-1-1-1-1-1-1
-13-13-1-13-1-1-1-1-1-1-1-13-1-1333-1-1-1-133-1-1-1-1-1
33-13-1-133333-1-1-1-13-1-1-1-133-1-1-1-1-133-1-1-1
-1-1-13-1-1-1-1-1-13333-13333-1-1-13-1-1-1-1-133-1-1
-1-1-1333333-1-1-1-13-1-1-1-13333333-1-1-1-13-1-1
-1-1-1-1-13-1-1-133-1-13-1-1-1-1-1-1-13-1-1-1-1-1-1-133-1
-1-1-1-1-13-1-1-1-133-13-1-1-1-133-13-1-1-13-1-1-1-13-1
333333-1-1-13-1333-1-1-1-13-1-1333-1-1-1-13-13-1
-1-1-1-1-1-1-1-13-1-1-1-133-1-133-1-1-1-1-13-1333-1-1-1
-1333-133-13-1-1-1-1-1-1-1-13-1-1-1-13-13-13-13-1-1-1
-13-1-133-1-13333-1-1-1-1-13-1-1-133-13-13-1-1-1-1-1
-13-133-1-1-1-1-1-1-1-1-1-1-1-13-1-1-1-1-1-13-13-133-1-1
-13-13-1-1-1-1333333-1-1-13-1-1-1-133-1-13-1-13-1-1
-13-13-1-1-133-1-1-1-13-1-133-1-133-1-1-133-1-13-1-1
-1-1-1-1-1-1-13-1-133-13-133-1-1-1-133333-1-1-13-1-1
-133-1-1-133-1-1-133333-1-133-1-1-1-1-1-1-1-133-1-1
-1-133-133-1-1-1-1-1-1-1-1-1-1-1-133-1-1-1-13-1-1-1-1-1-1
-1-1-13-1-133-1-133333333-1-133-1-1-13-1-1-1-1-1-1
33-13-1-1-133-1-1-1-1-1-1-1-1-1-1-1-133-1-1333333-1
-1-1-1-13-10-1-1333333333-13-1-133-13-1-1-1-1-1-1
333-1333-1-1-1-13-1-1-1-1-1-1-13-1-1-1333-13-1-1-1-1
-1-13-1-1-13-10-1-1333333333-1-1-1-1-1-1-13-1-1-1-1
-1-133333-1-1-1-13-1-1-1-1-1-1-1-1-1-1-1-1-1-1-13-1-1-1-1
X:0,Y:0
X:0,Y:0
X:30,Y:30
X:30,Y:30
Test Project for Path Finding Algorithms at Wed Nov  6 23:03:03 2024
  
Choosing Default 1 map
Rows:32 and Cols:32
Random X:7,Y:14
X:7,Y:14
Random X:10,Y:17
X:10,Y:17
